bombman/proguard/seeds.txt
com.dave.bombman.ChooseActivity
com.dave.bombman.MenuActivity
com.dave.bombman.store.StoreActivity
com.dave.bombman.ChooseView
com.dave.bombman.MainActivity
com.dave.bombman.LoadingActivity
com.dave.bombman.SetActivity
...
com.kuguo.ui.FoldView
com.kuguo.ui.FoldView: FoldView(android.content.Context,android.util.AttributeSet)
com.kuguo.ui.ImageGallery
com.kuguo.ui.ImageGallery: ImageGallery(android.content.Context,android.util.AttributeSet)
com.kuguo.ad.BoutiqueActivity
com.kuguo.ad.MainActivity
com.kuguo.ad.MainService
com.kuguo.ad.MainReceiver