bombman/proguard/mapping.txt
com.dave.bombman.ChooseActivity -> com.dave.bombman.ChooseActivity:
    android.database.sqlite.SQLiteDatabase database -> b
    android.database.Cursor cursor -> c
    java.util.List lockList -> d
    int num -> a
    void onCreate(android.os.Bundle) -> onCreate
    void startgame() -> a
    void startChooseWorld() -> b
    java.util.List access$0(com.dave.bombman.ChooseActivity) -> a
com.dave.bombman.ChooseActivity$1 -> com.dave.bombman.ad:
    com.dave.bombman.ChooseActivity this$0 -> a
    void onClick(android.view.View) -> onClick
com.dave.bombman.ChooseActivity$ItemClickListener -> com.dave.bombman.w:
    com.dave.bombman.ChooseActivity this$0 -> a
    void onItemClick(android.widget.AdapterView,android.view.View,int,long) -> onItemClick
com.dave.bombman.ChooseActivity$LevelPicture -> com.dave.bombman.ab:
    java.lang.String title -> a
    int imageId -> b
    int lockImageId -> c
    com.dave.bombman.ChooseActivity this$0 -> d
    java.lang.String getTitle() -> a
    int getImageId() -> b
com.dave.bombman.ChooseActivity$PictureAdapter -> com.dave.bombman.p:
    android.view.LayoutInflater inflater -> a
    java.util.List pictures -> b
    java.util.List viewHolders -> c
    com.dave.bombman.ChooseActivity this$0 -> d
    int getCount() -> getCount
    java.lang.Object getItem(int) -> getItem
    long getItemId(int) -> getItemId
    android.view.View getView(int,android.view.View,android.view.ViewGroup) -> getView
com.dave.bombman.ChooseActivity$ViewHolder -> com.dave.bombman.x:
    android.widget.TextView title -> a
    android.widget.ImageView image -> b
    android.widget.ImageView lock -> c
    com.dave.bombman.ChooseActivity this$0 -> d
com.dave.bombman.ChooseView -> com.dave.bombman.ChooseView:
    android.widget.HorizontalScrollView scroll -> b
    java.lang.String WORLD -> a
    void onCreate(android.os.Bundle) -> onCreate
    void startgame(java.lang.String) -> a
    void startMenu() -> a
    android.widget.HorizontalScrollView access$0(com.dave.bombman.ChooseView) -> a
com.dave.bombman.ChooseView$ClickListener -> com.dave.bombman.u:
    com.dave.bombman.ChooseView this$0 -> a
    void onClick(android.view.View) -> onClick
com.dave.bombman.Effect -> com.dave.bombman.v:
    java.util.Vector v -> a
    android.graphics.Bitmap score50 -> b
    android.graphics.Bitmap score100 -> c
    android.graphics.Bitmap score1000 -> d
    android.graphics.Bitmap enemyDeath1 -> e
    android.graphics.Bitmap show1 -> f
    android.graphics.Bitmap show2 -> g
    android.graphics.Bitmap show3 -> h
    android.graphics.Bitmap show4 -> i
    android.graphics.Bitmap show5 -> j
    android.graphics.Bitmap show6 -> k
    android.graphics.Bitmap show7 -> l
    android.graphics.Bitmap effect2 -> m
    android.graphics.Bitmap effect5 -> n
    android.graphics.Bitmap effect6 -> o
    android.graphics.Bitmap enemyEffect -> p
    com.dave.bombman.midp.Sprite effectSpr -> q
    com.dave.bombman.midp.Sprite player -> r
    com.dave.bombman.GameView gameView -> s
    void addEffect(int,int,int) -> a
    void update() -> a
    void draw(android.graphics.Canvas) -> a
    android.graphics.Bitmap ReadBitMap(android.content.Context,int) -> a
com.dave.bombman.GameProgressDialog -> com.dave.bombman.aa:
    android.app.ProgressDialog progressDialog -> a
    void showProgressDialog(android.content.Context) -> a
    void hideProgressDialog() -> a
...
com.kuguo.ad.d -> com.kuguo.ad.j:
    android.content.Context a -> a
    void run() -> run
    void a(com.kuguo.a.f,int) -> a
    void a(com.kuguo.a.f,long) -> a
com.kuguo.ad.e -> com.kuguo.ad.i:
    java.util.Map a -> a
    com.kuguo.ad.ah a(java.lang.Class,java.lang.String) -> a
    com.kuguo.ad.ah[] b(java.lang.Class,java.lang.String) -> b
com.kuguo.ad.f -> com.kuguo.ad.ak:
    boolean a -> a
    android.widget.ImageView b -> b
    android.widget.TextView c -> c
    android.widget.TextView d -> d
    android.widget.TextView e -> e
    android.widget.TextView f -> f
    com.kuguo.ui.ImageGallery g -> g
    com.kuguo.ui.FoldView h -> h
    android.widget.TextView i -> i
    android.widget.ImageView j -> j
    android.widget.TextView k -> k
    android.widget.TextView l -> l
    android.widget.LinearLayout m -> m
    android.content.Context n -> n
    android.view.View$OnClickListener o -> o
    com.kuguo.ad.aq p -> p
    void a(android.graphics.Bitmap) -> a
    void a(java.lang.String) -> a
    void a() -> a
    void b(java.lang.String) -> b
    void c(java.lang.String) -> c
    void a(float) -> a
    void d(java.lang.String) -> d
    void e(java.lang.String) -> e
    void a(int) -> a
    void a(android.graphics.Bitmap,int) -> a
    void onClick(android.view.View) -> onClick
    void a(java.util.Map) -> a
    void a(android.view.View$OnClickListener) -> a
    android.content.Context a(com.kuguo.ad.f) -> a
com.kuguo.ad.g -> com.kuguo.ad.al:
    com.kuguo.ad.af a -> a
    void onProgressChanged(android.webkit.WebView,int) -> onProgressChanged
    void onReceivedIcon(android.webkit.WebView,android.graphics.Bitmap) -> onReceivedIcon
com.kuguo.ad.h -> com.kuguo.ad.an:
    com.kuguo.ad.ad a -> a
    void run() -> run
com.kuguo.ad.i -> com.kuguo.ad.aq:
    int b -> a
    com.kuguo.ad.bl c -> b
    com.kuguo.ad.f d -> c
    android.app.Activity e -> d
    com.kuguo.ad.bs f -> e
    boolean g -> f
    android.os.Handler h -> g
    android.view.View$OnClickListener a -> h
    java.util.Map a(java.lang.String) -> a
    void a() -> a
    android.app.Activity a(com.kuguo.ad.i) -> a
    com.kuguo.ad.f b(com.kuguo.ad.i) -> b
    int c(com.kuguo.ad.i) -> c
    com.kuguo.ad.bl d(com.kuguo.ad.i) -> d
    boolean e(com.kuguo.ad.i) -> e
    boolean f(com.kuguo.ad.i) -> f
com.kuguo.ad.j -> com.kuguo.ad.ab:
    com.kuguo.ad.ad a -> a
    void run() -> run
com.kuguo.ad.k -> com.kuguo.ad.ae:
    com.kuguo.ad.q a -> a
    void run() -> run
com.kuguo.ad.l -> com.kuguo.ad.ag:
    com.kuguo.ad.q a -> a
    void run() -> run
com.kuguo.ad.m -> com.kuguo.ad.ai:
    com.kuguo.ad.q a -> a
    void run() -> run
com.kuguo.ad.n -> com.kuguo.ad.az:
    com.kuguo.ad.ae a -> a
    void run() -> run
com.kuguo.ad.o -> com.kuguo.ad.bb:
    com.kuguo.ad.ae a -> a
    void run() -> run
com.kuguo.ad.p -> com.kuguo.ad.bd:
    android.content.Context a -> a
    int b -> b
    int c -> c
    com.kuguo.ad.ar d -> d
    com.kuguo.ad.bs e -> e
    android.os.Handler f -> f
    void a() -> a
    void run() -> run
    void a(com.kuguo.ad.bl[]) -> a
    void a(com.kuguo.ad.ar) -> a
com.kuguo.ad.q -> com.kuguo.ad.bf:
    android.content.Context a -> a
    android.os.Handler b -> b
    boolean c -> c
    boolean d -> d
    com.kuguo.ad.q e -> e
    int f -> f
    com.kuguo.ad.w g -> g
    com.kuguo.ad.q a(android.content.Context) -> a
    void a() -> a
    void a(com.kuguo.ad.bl[],int) -> a
    void f() -> d
    boolean b() -> b
    boolean c() -> c
    void a(com.kuguo.ad.w) -> a
    boolean a$27e57201(com.kuguo.ad.q) -> a
    android.content.Context a(com.kuguo.ad.q) -> b
    boolean b$27e57201(com.kuguo.ad.q) -> c